<?xml version="1.0" encoding="UTF-8"?>
<!-- Generated by org.testng.reporters.JUnitReportReporter -->
<testsuite hostname="Marcias-MBP" failures="0" tests="1" name="com.sddevops.selenium_maven.eclipse.NewTest" time="24.907" errors="0" timestamp="2022-01-27T15:24:15 SGT" skipped="0">
  <testcase classname="com.sddevops.selenium_maven.eclipse.NewTest" name="f" time="24.907"/>
</testsuite> <!-- com.sddevops.selenium_maven.eclipse.NewTest -->
