<?xml version="1.0" encoding="UTF-8"?>
<!-- Generated by org.testng.reporters.JUnitReportReporter -->
<testsuite hostname="Marcias-MBP" failures="0" tests="1" name="com.sddevops.selenium_maven.eclipse.AppTest" time="0.000" errors="0" timestamp="2022-01-25T23:53:30 SGT" skipped="0">
  <testcase classname="com.sddevops.selenium_maven.eclipse.AppTest" name="shouldAnswerWithTrue" time="0.000"/>
</testsuite> <!-- com.sddevops.selenium_maven.eclipse.AppTest -->
